Using pre-set license
Built from '2022.3/staging' branch; Version is '2022.3.17f1 (4fc78088f837) revision 5228416'; Using compiler version '192829333'; Build Type 'Release'
OS: 'Windows 11  (10.0.22631) 64bit Professional' Language: 'ja' Physical Memory: 65214 MB
BatchMode: 1, IsHumanControllingUs: 0, StartBugReporterOnCrash: 0, Is64bit: 1, IsPro: 1

COMMAND LINE ARGUMENTS:
C:\Program Files\Unity\Hub\Editor\2022.3.17f1\Editor\Unity.exe
-adb2
-batchMode
-noUpm
-name
AssetImportWorker0
-projectPath
D:/unity/1week-100/day1Shader
-logFile
Logs/AssetImportWorker0.log
-srvPort
54644
Successfully changed project path to: D:/unity/1week-100/day1Shader
D:/unity/1week-100/day1Shader
[UnityMemory] Configuration Parameters - Can be set up in boot.config
    "memorysetup-bucket-allocator-granularity=16"
    "memorysetup-bucket-allocator-bucket-count=8"
    "memorysetup-bucket-allocator-block-size=33554432"
    "memorysetup-bucket-allocator-block-count=8"
    "memorysetup-main-allocator-block-size=16777216"
    "memorysetup-thread-allocator-block-size=16777216"
    "memorysetup-gfx-main-allocator-block-size=16777216"
    "memorysetup-gfx-thread-allocator-block-size=16777216"
    "memorysetup-cache-allocator-block-size=4194304"
    "memorysetup-typetree-allocator-block-size=2097152"
    "memorysetup-profiler-bucket-allocator-granularity=16"
    "memorysetup-profiler-bucket-allocator-bucket-count=8"
    "memorysetup-profiler-bucket-allocator-block-size=33554432"
    "memorysetup-profiler-bucket-allocator-block-count=8"
    "memorysetup-profiler-allocator-block-size=16777216"
    "memorysetup-profiler-editor-allocator-block-size=1048576"
    "memorysetup-temp-allocator-size-main=16777216"
    "memorysetup-job-temp-allocator-block-size=2097152"
    "memorysetup-job-temp-allocator-block-size-background=1048576"
    "memorysetup-job-temp-allocator-reduction-small-platforms=262144"
    "memorysetup-allocator-temp-initial-block-size-main=262144"
    "memorysetup-allocator-temp-initial-block-size-worker=262144"
    "memorysetup-temp-allocator-size-background-worker=32768"
    "memorysetup-temp-allocator-size-job-worker=262144"
    "memorysetup-temp-allocator-size-preload-manager=33554432"
    "memorysetup-temp-allocator-size-nav-mesh-worker=65536"
    "memorysetup-temp-allocator-size-audio-worker=65536"
    "memorysetup-temp-allocator-size-cloud-worker=32768"
    "memorysetup-temp-allocator-size-gi-baking-worker=262144"
    "memorysetup-temp-allocator-size-gfx=262144"
Player connection [96292] Host "[IP] 192.168.10.120 [Port] 0 [Flags] 2 [Guid] 2288070690 [EditorId] 2288070690 [Version] 1048832 [Id] WindowsEditor(7,inobeeWindows) [Debug] 1 [PackageName] WindowsEditor [ProjectName] Editor" joined multi-casting on [225.0.0.222:54997]...

Player connection [96292] Host "[IP] 192.168.10.120 [Port] 0 [Flags] 2 [Guid] 2288070690 [EditorId] 2288070690 [Version] 1048832 [Id] WindowsEditor(7,inobeeWindows) [Debug] 1 [PackageName] WindowsEditor [ProjectName] Editor" joined alternative multi-casting on [225.0.0.222:34997]...

[Physics::Module] Initialized MultithreadedJobDispatcher with 31 workers.
Refreshing native plugins compatible for Editor in 3.11 ms, found 3 plugins.
Preloading 0 native plugins for Editor in 0.00 ms.
Initialize engine version: 2022.3.17f1 (4fc78088f837)
[Subsystems] Discovering subsystems at path C:/Program Files/Unity/Hub/Editor/2022.3.17f1/Editor/Data/Resources/UnitySubsystems
[Subsystems] Discovering subsystems at path D:/unity/1week-100/day1Shader/Assets
GfxDevice: creating device client; threaded=0; jobified=0
Direct3D:
    Version:  Direct3D 11.0 [level 11.1]
    Renderer: NVIDIA GeForce RTX 4070 Ti (ID=0x2782)
    Vendor:   NVIDIA
    VRAM:     11996 MB
    Driver:   31.0.15.5161
Initialize mono
Mono path[0] = 'C:/Program Files/Unity/Hub/Editor/2022.3.17f1/Editor/Data/Managed'
Mono path[1] = 'C:/Program Files/Unity/Hub/Editor/2022.3.17f1/Editor/Data/MonoBleedingEdge/lib/mono/unityjit-win32'
Mono config path = 'C:/Program Files/Unity/Hub/Editor/2022.3.17f1/Editor/Data/MonoBleedingEdge/etc'
Using monoOptions --debugger-agent=transport=dt_socket,embedding=1,server=y,suspend=n,address=127.0.0.1:56648
Begin MonoManager ReloadAssembly
Registering precompiled unity dll's ...
Register platform support module: C:/Program Files/Unity/Hub/Editor/2022.3.17f1/Editor/Data/PlaybackEngines/WindowsStandaloneSupport/UnityEditor.WindowsStandalone.Extensions.dll
Registered in 0.003441 seconds.
- Loaded All Assemblies, in  0.242 seconds
Native extension for WindowsStandalone target not found
Mono: successfully reloaded assembly
- Finished resetting the current domain, in  0.193 seconds
Domain Reload Profiling: 434ms
	BeginReloadAssembly (71ms)
		ExecutionOrderSort (0ms)
		DisableScriptedObjects (0ms)
		BackupInstance (0ms)
		ReleaseScriptingObjects (0ms)
		CreateAndSetChildDomain (0ms)
	RebuildCommonClasses (23ms)
	RebuildNativeTypeToScriptingClass (6ms)
	initialDomainReloadingComplete (36ms)
	LoadAllAssembliesAndSetupDomain (105ms)
		LoadAssemblies (70ms)
		RebuildTransferFunctionScriptingTraits (0ms)
		AnalyzeDomain (104ms)
			TypeCache.Refresh (103ms)
				TypeCache.ScanAssembly (93ms)
			ScanForSourceGeneratedMonoScriptInfo (0ms)
			ResolveRequiredComponents (0ms)
	FinalizeReload (193ms)
		ReleaseScriptCaches (0ms)
		RebuildScriptCaches (0ms)
		SetupLoadedEditorAssemblies (147ms)
			LogAssemblyErrors (0ms)
			InitializePlatformSupportModulesInManaged (7ms)
			SetLoadedEditorAssemblies (5ms)
			RefreshPlugins (0ms)
			BeforeProcessingInitializeOnLoad (1ms)
			ProcessInitializeOnLoadAttributes (99ms)
			ProcessInitializeOnLoadMethodAttributes (35ms)
			AfterProcessingInitializeOnLoad (0ms)
			EditorAssembliesLoaded (0ms)
		ExecutionOrderSort2 (0ms)
		AwakeInstancesAfterBackupRestoration (0ms)
========================================================================
Worker process is ready to serve import requests
Begin MonoManager ReloadAssembly
- Loaded All Assemblies, in  0.467 seconds
Refreshing native plugins compatible for Editor in 1.36 ms, found 3 plugins.
Native extension for WindowsStandalone target not found
Package Manager log level set to [2]
[Package Manager] Server::EnsureServerProcessIsRunning -- launch failed, reason: Unity was launched with the -noUpm command-line argument
[Package Manager] UpmClient::Send -- Unable to send message (not connected to UPM process).
[Package Manager] Cannot connect to Unity Package Manager local server
Mono: successfully reloaded assembly
- Finished resetting the current domain, in  0.434 seconds
Domain Reload Profiling: 901ms
	BeginReloadAssembly (100ms)
		ExecutionOrderSort (0ms)
		DisableScriptedObjects (3ms)
		BackupInstance (0ms)
		ReleaseScriptingObjects (0ms)
		CreateAndSetChildDomain (14ms)
	RebuildCommonClasses (29ms)
	RebuildNativeTypeToScriptingClass (7ms)
	initialDomainReloadingComplete (28ms)
	LoadAllAssembliesAndSetupDomain (303ms)
		LoadAssemblies (232ms)
		RebuildTransferFunctionScriptingTraits (0ms)
		AnalyzeDomain (130ms)
			TypeCache.Refresh (115ms)
				TypeCache.ScanAssembly (101ms)
			ScanForSourceGeneratedMonoScriptInfo (9ms)
			ResolveRequiredComponents (3ms)
	FinalizeReload (435ms)
		ReleaseScriptCaches (0ms)
		RebuildScriptCaches (0ms)
		SetupLoadedEditorAssemblies (318ms)
			LogAssemblyErrors (0ms)
			InitializePlatformSupportModulesInManaged (4ms)
			SetLoadedEditorAssemblies (4ms)
			RefreshPlugins (0ms)
			BeforeProcessingInitializeOnLoad (36ms)
			ProcessInitializeOnLoadAttributes (254ms)
			ProcessInitializeOnLoadMethodAttributes (16ms)
			AfterProcessingInitializeOnLoad (4ms)
			EditorAssembliesLoaded (0ms)
		ExecutionOrderSort2 (0ms)
		AwakeInstancesAfterBackupRestoration (9ms)
Launched and connected shader compiler UnityShaderCompiler.exe after 0.05 seconds
Refreshing native plugins compatible for Editor in 0.90 ms, found 3 plugins.
Preloading 0 native plugins for Editor in 0.00 ms.
Unloading 3094 Unused Serialized files (Serialized files now loaded: 0)
Unloading 32 unused Assets / (56.8 KB). Loaded Objects now: 3555.
Memory consumption went from 129.2 MB to 129.2 MB.
Total: 3.273800 ms (FindLiveObjects: 0.224900 ms CreateObjectMapping: 0.097200 ms MarkObjects: 2.801400 ms  DeleteObjects: 0.149000 ms)

AssetImportParameters requested are different than current active one (requested -> active):
  custom:container-demuxer-ogg: 62fdf1f143b41e24485cea50d1cbac27 -> 
  custom:video-codec-MediaFoundation-h265: 746d11721c4dcdbdad8f713fa42b33f4 -> 
  custom:video-decoder-ogg-theora: a1e56fd34408186e4bbccfd4996cb3dc -> 
  custom:framework-win-MediaFoundation: 216162199b28c13a410421893ffa2e32 -> 
  custom:CustomObjectIndexerAttribute: 6d391050e5a25f67b0a2c618074f2cd9 -> 
  custom:container-demuxer-webm: 4f35f7cbe854078d1ac9338744f61a02 -> 
  custom:container-muxer-webm: aa71ff27fc2769a1b78a27578f13a17b -> 
  custom:video-decoder-webm-vp8: 9c59270c3fd7afecdb556c50c9e8de78 -> 
  custom:SearchIndexIgnoredProperties: e643bd26f0fe6173181afceb89e7c659 -> 
  custom:AudioImporter_EditorPlatform: d09bf68614088b80899f8185d706f6e7 -> 
  custom:video-encoder-webm-vp8: eb34c28f22e8b96e1ab97ce403110664 -> 
  custom:audio-decoder-ogg-vorbis: bf7c407c2cedff20999df2af8eb42d56 -> 
  custom:audio-encoder-webm-vorbis: bf7c407c2cedff20999df2af8eb42d56 -> 
========================================================================
Received Import Request.
  Time since last request: 1209925.406119 seconds.
  path: Assets/SamplePaint.shader
  artifactKey: Guid(a51a79e26db960c4bb572727d3bf492b) Importer(815301076,1909f56bfc062723c751e8b465ee728b)
Start importing Assets/SamplePaint.shader using Guid(a51a79e26db960c4bb572727d3bf492b) Importer(815301076,1909f56bfc062723c751e8b465ee728b)  -> (artifact id: '5e0a972de871f27811d77ada4797d111') in 0.014898 seconds
Number of updated asset objects reloaded before import = 1
Number of asset objects unloaded after import = 0
========================================================================
Received Import Request.
  Time since last request: 48.787643 seconds.
  path: Assets/SamplePaint.shader
  artifactKey: Guid(a51a79e26db960c4bb572727d3bf492b) Importer(815301076,1909f56bfc062723c751e8b465ee728b)
Start importing Assets/SamplePaint.shader using Guid(a51a79e26db960c4bb572727d3bf492b) Importer(815301076,1909f56bfc062723c751e8b465ee728b)  -> (artifact id: '00000000000000000000000000000000') in 0.000739 seconds
Import Error Code:(4)
Message: Build asset version error: assets/samplepaint.shader in SourceAssetDB has modification time of '2024-05-07T15:16:01.1019295Z' while content on disk has modification time of '2024-05-07T15:16:39.7395039Z'
  ERROR: Build asset version error: assets/samplepaint.shader in SourceAssetDB has modification time of '2024-05-07T15:16:01.1019295Z' while content on disk has modification time of '2024-05-07T15:16:39.7395039Z'
Number of updated asset objects reloaded before import = 1
Number of asset objects unloaded after import = 0
========================================================================
Received Import Request.
  Time since last request: 0.001060 seconds.
  path: Assets/SamplePaint.shader
  artifactKey: Guid(a51a79e26db960c4bb572727d3bf492b) Importer(815301076,1909f56bfc062723c751e8b465ee728b)
Start importing Assets/SamplePaint.shader using Guid(a51a79e26db960c4bb572727d3bf492b) Importer(815301076,1909f56bfc062723c751e8b465ee728b)  -> (artifact id: '00000000000000000000000000000000') in 0.000679 seconds
Import Error Code:(4)
Message: Build asset version error: assets/samplepaint.shader in SourceAssetDB has modification time of '2024-05-07T15:16:01.1019295Z' while content on disk has modification time of '2024-05-07T15:16:39.7395039Z'
  ERROR: Build asset version error: assets/samplepaint.shader in SourceAssetDB has modification time of '2024-05-07T15:16:01.1019295Z' while content on disk has modification time of '2024-05-07T15:16:39.7395039Z'
Number of updated asset objects reloaded before import = 0
Number of asset objects unloaded after import = 0
========================================================================
Received Import Request.
  Time since last request: 0.037181 seconds.
  path: Assets/SamplePaint.shader
  artifactKey: Guid(a51a79e26db960c4bb572727d3bf492b) Importer(815301076,1909f56bfc062723c751e8b465ee728b)
Start importing Assets/SamplePaint.shader using Guid(a51a79e26db960c4bb572727d3bf492b) Importer(815301076,1909f56bfc062723c751e8b465ee728b)  -> (artifact id: '00000000000000000000000000000000') in 0.003014 seconds
Import Error Code:(4)
Message: Build asset version error: assets/samplepaint.shader in SourceAssetDB has modification time of '2024-05-07T15:16:01.1019295Z' while content on disk has modification time of '2024-05-07T15:16:39.7395039Z'
  ERROR: Build asset version error: assets/samplepaint.shader in SourceAssetDB has modification time of '2024-05-07T15:16:01.1019295Z' while content on disk has modification time of '2024-05-07T15:16:39.7395039Z'
Number of updated asset objects reloaded before import = 0
Number of asset objects unloaded after import = 0
========================================================================
Received Import Request.
  Time since last request: 0.001002 seconds.
  path: Assets/SamplePaint.shader
  artifactKey: Guid(a51a79e26db960c4bb572727d3bf492b) Importer(815301076,1909f56bfc062723c751e8b465ee728b)
Start importing Assets/SamplePaint.shader using Guid(a51a79e26db960c4bb572727d3bf492b) Importer(815301076,1909f56bfc062723c751e8b465ee728b)  -> (artifact id: '00000000000000000000000000000000') in 0.000833 seconds
Import Error Code:(4)
Message: Build asset version error: assets/samplepaint.shader in SourceAssetDB has modification time of '2024-05-07T15:16:01.1019295Z' while content on disk has modification time of '2024-05-07T15:16:39.7395039Z'
  ERROR: Build asset version error: assets/samplepaint.shader in SourceAssetDB has modification time of '2024-05-07T15:16:01.1019295Z' while content on disk has modification time of '2024-05-07T15:16:39.7395039Z'
Number of updated asset objects reloaded before import = 0
Number of asset objects unloaded after import = 0
========================================================================
Received Import Request.
  Time since last request: 0.005669 seconds.
  path: Assets/SamplePaint.shader
  artifactKey: Guid(a51a79e26db960c4bb572727d3bf492b) Importer(815301076,1909f56bfc062723c751e8b465ee728b)
Start importing Assets/SamplePaint.shader using Guid(a51a79e26db960c4bb572727d3bf492b) Importer(815301076,1909f56bfc062723c751e8b465ee728b)  -> (artifact id: '00000000000000000000000000000000') in 0.000907 seconds
Import Error Code:(4)
Message: Build asset version error: assets/samplepaint.shader in SourceAssetDB has modification time of '2024-05-07T15:16:01.1019295Z' while content on disk has modification time of '2024-05-07T15:16:39.7395039Z'
  ERROR: Build asset version error: assets/samplepaint.shader in SourceAssetDB has modification time of '2024-05-07T15:16:01.1019295Z' while content on disk has modification time of '2024-05-07T15:16:39.7395039Z'
Number of updated asset objects reloaded before import = 0
Number of asset objects unloaded after import = 0
========================================================================
Received Import Request.
  Time since last request: 0.031448 seconds.
  path: Assets/SamplePaint.shader
  artifactKey: Guid(a51a79e26db960c4bb572727d3bf492b) Importer(815301076,1909f56bfc062723c751e8b465ee728b)
Start importing Assets/SamplePaint.shader using Guid(a51a79e26db960c4bb572727d3bf492b) Importer(815301076,1909f56bfc062723c751e8b465ee728b)  -> (artifact id: '00000000000000000000000000000000') in 0.001632 seconds
Import Error Code:(4)
Message: Build asset version error: assets/samplepaint.shader in SourceAssetDB has modification time of '2024-05-07T15:16:01.1019295Z' while content on disk has modification time of '2024-05-07T15:16:39.7395039Z'
  ERROR: Build asset version error: assets/samplepaint.shader in SourceAssetDB has modification time of '2024-05-07T15:16:01.1019295Z' while content on disk has modification time of '2024-05-07T15:16:39.7395039Z'
Number of updated asset objects reloaded before import = 0
Number of asset objects unloaded after import = 0
========================================================================
Received Import Request.
  Time since last request: 0.000286 seconds.
  path: Assets/SamplePaint.shader
  artifactKey: Guid(a51a79e26db960c4bb572727d3bf492b) Importer(815301076,1909f56bfc062723c751e8b465ee728b)
Start importing Assets/SamplePaint.shader using Guid(a51a79e26db960c4bb572727d3bf492b) Importer(815301076,1909f56bfc062723c751e8b465ee728b)  -> (artifact id: '00000000000000000000000000000000') in 0.001066 seconds
Import Error Code:(4)
Message: Build asset version error: assets/samplepaint.shader in SourceAssetDB has modification time of '2024-05-07T15:16:01.1019295Z' while content on disk has modification time of '2024-05-07T15:16:39.7395039Z'
  ERROR: Build asset version error: assets/samplepaint.shader in SourceAssetDB has modification time of '2024-05-07T15:16:01.1019295Z' while content on disk has modification time of '2024-05-07T15:16:39.7395039Z'
Number of updated asset objects reloaded before import = 0
Number of asset objects unloaded after import = 0
========================================================================
Received Import Request.
  Time since last request: 0.030094 seconds.
  path: Assets/SamplePaint.shader
  artifactKey: Guid(a51a79e26db960c4bb572727d3bf492b) Importer(815301076,1909f56bfc062723c751e8b465ee728b)
Start importing Assets/SamplePaint.shader using Guid(a51a79e26db960c4bb572727d3bf492b) Importer(815301076,1909f56bfc062723c751e8b465ee728b)  -> (artifact id: '00000000000000000000000000000000') in 0.000950 seconds
Import Error Code:(4)
Message: Build asset version error: assets/samplepaint.shader in SourceAssetDB has modification time of '2024-05-07T15:16:01.1019295Z' while content on disk has modification time of '2024-05-07T15:16:39.7395039Z'
  ERROR: Build asset version error: assets/samplepaint.shader in SourceAssetDB has modification time of '2024-05-07T15:16:01.1019295Z' while content on disk has modification time of '2024-05-07T15:16:39.7395039Z'
Number of updated asset objects reloaded before import = 0
Number of asset objects unloaded after import = 0
========================================================================
Received Import Request.
  Time since last request: 0.024731 seconds.
  path: Assets/SamplePaint.shader
  artifactKey: Guid(a51a79e26db960c4bb572727d3bf492b) Importer(815301076,1909f56bfc062723c751e8b465ee728b)
Start importing Assets/SamplePaint.shader using Guid(a51a79e26db960c4bb572727d3bf492b) Importer(815301076,1909f56bfc062723c751e8b465ee728b)  -> (artifact id: '00000000000000000000000000000000') in 0.002384 seconds
Import Error Code:(4)
Message: Build asset version error: assets/samplepaint.shader in SourceAssetDB has modification time of '2024-05-07T15:16:01.1019295Z' while content on disk has modification time of '2024-05-07T15:16:39.7395039Z'
  ERROR: Build asset version error: assets/samplepaint.shader in SourceAssetDB has modification time of '2024-05-07T15:16:01.1019295Z' while content on disk has modification time of '2024-05-07T15:16:39.7395039Z'
Number of updated asset objects reloaded before import = 0
Number of asset objects unloaded after import = 0
========================================================================
Received Import Request.
  Time since last request: 0.000558 seconds.
  path: Assets/SamplePaint.shader
  artifactKey: Guid(a51a79e26db960c4bb572727d3bf492b) Importer(815301076,1909f56bfc062723c751e8b465ee728b)
Start importing Assets/SamplePaint.shader using Guid(a51a79e26db960c4bb572727d3bf492b) Importer(815301076,1909f56bfc062723c751e8b465ee728b)  -> (artifact id: '00000000000000000000000000000000') in 0.000807 seconds
Import Error Code:(4)
Message: Build asset version error: assets/samplepaint.shader in SourceAssetDB has modification time of '2024-05-07T15:16:01.1019295Z' while content on disk has modification time of '2024-05-07T15:16:39.7395039Z'
  ERROR: Build asset version error: assets/samplepaint.shader in SourceAssetDB has modification time of '2024-05-07T15:16:01.1019295Z' while content on disk has modification time of '2024-05-07T15:16:39.7395039Z'
Number of updated asset objects reloaded before import = 0
Number of asset objects unloaded after import = 0
========================================================================
Received Import Request.
  Time since last request: 0.020115 seconds.
  path: Assets/SamplePaint.shader
  artifactKey: Guid(a51a79e26db960c4bb572727d3bf492b) Importer(815301076,1909f56bfc062723c751e8b465ee728b)
Start importing Assets/SamplePaint.shader using Guid(a51a79e26db960c4bb572727d3bf492b) Importer(815301076,1909f56bfc062723c751e8b465ee728b)  -> (artifact id: '00000000000000000000000000000000') in 0.001013 seconds
Import Error Code:(4)
Message: Build asset version error: assets/samplepaint.shader in SourceAssetDB has modification time of '2024-05-07T15:16:01.1019295Z' while content on disk has modification time of '2024-05-07T15:16:39.7395039Z'
  ERROR: Build asset version error: assets/samplepaint.shader in SourceAssetDB has modification time of '2024-05-07T15:16:01.1019295Z' while content on disk has modification time of '2024-05-07T15:16:39.7395039Z'
Number of updated asset objects reloaded before import = 0
Number of asset objects unloaded after import = 0
========================================================================
Received Import Request.
  Time since last request: 0.031527 seconds.
  path: Assets/SamplePaint.shader
  artifactKey: Guid(a51a79e26db960c4bb572727d3bf492b) Importer(815301076,1909f56bfc062723c751e8b465ee728b)
Start importing Assets/SamplePaint.shader using Guid(a51a79e26db960c4bb572727d3bf492b) Importer(815301076,1909f56bfc062723c751e8b465ee728b)  -> (artifact id: '00000000000000000000000000000000') in 0.000953 seconds
Import Error Code:(4)
Message: Build asset version error: assets/samplepaint.shader in SourceAssetDB has modification time of '2024-05-07T15:16:01.1019295Z' while content on disk has modification time of '2024-05-07T15:16:39.7395039Z'
  ERROR: Build asset version error: assets/samplepaint.shader in SourceAssetDB has modification time of '2024-05-07T15:16:01.1019295Z' while content on disk has modification time of '2024-05-07T15:16:39.7395039Z'
Number of updated asset objects reloaded before import = 0
Number of asset objects unloaded after import = 0
========================================================================
Received Import Request.
  Time since last request: 0.006699 seconds.
  path: Assets/SamplePaint.shader
  artifactKey: Guid(a51a79e26db960c4bb572727d3bf492b) Importer(815301076,1909f56bfc062723c751e8b465ee728b)
Start importing Assets/SamplePaint.shader using Guid(a51a79e26db960c4bb572727d3bf492b) Importer(815301076,1909f56bfc062723c751e8b465ee728b)  -> (artifact id: '00000000000000000000000000000000') in 0.000892 seconds
Import Error Code:(4)
Message: Build asset version error: assets/samplepaint.shader in SourceAssetDB has modification time of '2024-05-07T15:16:01.1019295Z' while content on disk has modification time of '2024-05-07T15:16:39.7395039Z'
  ERROR: Build asset version error: assets/samplepaint.shader in SourceAssetDB has modification time of '2024-05-07T15:16:01.1019295Z' while content on disk has modification time of '2024-05-07T15:16:39.7395039Z'
Number of updated asset objects reloaded before import = 0
Number of asset objects unloaded after import = 0
========================================================================
Received Import Request.
  Time since last request: 0.005132 seconds.
  path: Assets/SamplePaint.shader
  artifactKey: Guid(a51a79e26db960c4bb572727d3bf492b) Importer(815301076,1909f56bfc062723c751e8b465ee728b)
Start importing Assets/SamplePaint.shader using Guid(a51a79e26db960c4bb572727d3bf492b) Importer(815301076,1909f56bfc062723c751e8b465ee728b)  -> (artifact id: '00000000000000000000000000000000') in 0.000830 seconds
Import Error Code:(4)
Message: Build asset version error: assets/samplepaint.shader in SourceAssetDB has modification time of '2024-05-07T15:16:01.1019295Z' while content on disk has modification time of '2024-05-07T15:16:39.7395039Z'
  ERROR: Build asset version error: assets/samplepaint.shader in SourceAssetDB has modification time of '2024-05-07T15:16:01.1019295Z' while content on disk has modification time of '2024-05-07T15:16:39.7395039Z'
Number of updated asset objects reloaded before import = 0
Number of asset objects unloaded after import = 0
========================================================================
Received Import Request.
  Time since last request: 0.005298 seconds.
  path: Assets/SamplePaint.shader
  artifactKey: Guid(a51a79e26db960c4bb572727d3bf492b) Importer(815301076,1909f56bfc062723c751e8b465ee728b)
Start importing Assets/SamplePaint.shader using Guid(a51a79e26db960c4bb572727d3bf492b) Importer(815301076,1909f56bfc062723c751e8b465ee728b)  -> (artifact id: '00000000000000000000000000000000') in 0.001131 seconds
Import Error Code:(4)
Message: Build asset version error: assets/samplepaint.shader in SourceAssetDB has modification time of '2024-05-07T15:16:01.1019295Z' while content on disk has modification time of '2024-05-07T15:16:39.7395039Z'
  ERROR: Build asset version error: assets/samplepaint.shader in SourceAssetDB has modification time of '2024-05-07T15:16:01.1019295Z' while content on disk has modification time of '2024-05-07T15:16:39.7395039Z'
Number of updated asset objects reloaded before import = 0
Number of asset objects unloaded after import = 0
========================================================================
Received Import Request.
  Time since last request: 0.004580 seconds.
  path: Assets/SamplePaint.shader
  artifactKey: Guid(a51a79e26db960c4bb572727d3bf492b) Importer(815301076,1909f56bfc062723c751e8b465ee728b)
Start importing Assets/SamplePaint.shader using Guid(a51a79e26db960c4bb572727d3bf492b) Importer(815301076,1909f56bfc062723c751e8b465ee728b)  -> (artifact id: '00000000000000000000000000000000') in 0.000950 seconds
Import Error Code:(4)
Message: Build asset version error: assets/samplepaint.shader in SourceAssetDB has modification time of '2024-05-07T15:16:01.1019295Z' while content on disk has modification time of '2024-05-07T15:16:39.7395039Z'
  ERROR: Build asset version error: assets/samplepaint.shader in SourceAssetDB has modification time of '2024-05-07T15:16:01.1019295Z' while content on disk has modification time of '2024-05-07T15:16:39.7395039Z'
Number of updated asset objects reloaded before import = 0
Number of asset objects unloaded after import = 0
========================================================================
Received Import Request.
  Time since last request: 0.006202 seconds.
  path: Assets/SamplePaint.shader
  artifactKey: Guid(a51a79e26db960c4bb572727d3bf492b) Importer(815301076,1909f56bfc062723c751e8b465ee728b)
Start importing Assets/SamplePaint.shader using Guid(a51a79e26db960c4bb572727d3bf492b) Importer(815301076,1909f56bfc062723c751e8b465ee728b)  -> (artifact id: '00000000000000000000000000000000') in 0.001025 seconds
Import Error Code:(4)
Message: Build asset version error: assets/samplepaint.shader in SourceAssetDB has modification time of '2024-05-07T15:16:01.1019295Z' while content on disk has modification time of '2024-05-07T15:16:39.7395039Z'
  ERROR: Build asset version error: assets/samplepaint.shader in SourceAssetDB has modification time of '2024-05-07T15:16:01.1019295Z' while content on disk has modification time of '2024-05-07T15:16:39.7395039Z'
Number of updated asset objects reloaded before import = 0
Number of asset objects unloaded after import = 0
========================================================================
Received Import Request.
  Time since last request: 0.005725 seconds.
  path: Assets/SamplePaint.shader
  artifactKey: Guid(a51a79e26db960c4bb572727d3bf492b) Importer(815301076,1909f56bfc062723c751e8b465ee728b)
Start importing Assets/SamplePaint.shader using Guid(a51a79e26db960c4bb572727d3bf492b) Importer(815301076,1909f56bfc062723c751e8b465ee728b)  -> (artifact id: '00000000000000000000000000000000') in 0.001033 seconds
Import Error Code:(4)
Message: Build asset version error: assets/samplepaint.shader in SourceAssetDB has modification time of '2024-05-07T15:16:01.1019295Z' while content on disk has modification time of '2024-05-07T15:16:39.7395039Z'
  ERROR: Build asset version error: assets/samplepaint.shader in SourceAssetDB has modification time of '2024-05-07T15:16:01.1019295Z' while content on disk has modification time of '2024-05-07T15:16:39.7395039Z'
Number of updated asset objects reloaded before import = 0
Number of asset objects unloaded after import = 0
========================================================================
Received Import Request.
  Time since last request: 0.005960 seconds.
  path: Assets/SamplePaint.shader
  artifactKey: Guid(a51a79e26db960c4bb572727d3bf492b) Importer(815301076,1909f56bfc062723c751e8b465ee728b)
Start importing Assets/SamplePaint.shader using Guid(a51a79e26db960c4bb572727d3bf492b) Importer(815301076,1909f56bfc062723c751e8b465ee728b)  -> (artifact id: '00000000000000000000000000000000') in 0.001440 seconds
Import Error Code:(4)
Message: Build asset version error: assets/samplepaint.shader in SourceAssetDB has modification time of '2024-05-07T15:16:01.1019295Z' while content on disk has modification time of '2024-05-07T15:16:39.7395039Z'
  ERROR: Build asset version error: assets/samplepaint.shader in SourceAssetDB has modification time of '2024-05-07T15:16:01.1019295Z' while content on disk has modification time of '2024-05-07T15:16:39.7395039Z'
Number of updated asset objects reloaded before import = 0
Number of asset objects unloaded after import = 0
========================================================================
Received Import Request.
  Time since last request: 0.000475 seconds.
  path: Assets/SamplePaint.shader
  artifactKey: Guid(a51a79e26db960c4bb572727d3bf492b) Importer(815301076,1909f56bfc062723c751e8b465ee728b)
Start importing Assets/SamplePaint.shader using Guid(a51a79e26db960c4bb572727d3bf492b) Importer(815301076,1909f56bfc062723c751e8b465ee728b)  -> (artifact id: '00000000000000000000000000000000') in 0.000987 seconds
Import Error Code:(4)
Message: Build asset version error: assets/samplepaint.shader in SourceAssetDB has modification time of '2024-05-07T15:16:01.1019295Z' while content on disk has modification time of '2024-05-07T15:16:39.7395039Z'
  ERROR: Build asset version error: assets/samplepaint.shader in SourceAssetDB has modification time of '2024-05-07T15:16:01.1019295Z' while content on disk has modification time of '2024-05-07T15:16:39.7395039Z'
Number of updated asset objects reloaded before import = 0
Number of asset objects unloaded after import = 0
========================================================================
Received Import Request.
  Time since last request: 0.006584 seconds.
  path: Assets/SamplePaint.shader
  artifactKey: Guid(a51a79e26db960c4bb572727d3bf492b) Importer(815301076,1909f56bfc062723c751e8b465ee728b)
Start importing Assets/SamplePaint.shader using Guid(a51a79e26db960c4bb572727d3bf492b) Importer(815301076,1909f56bfc062723c751e8b465ee728b)  -> (artifact id: '00000000000000000000000000000000') in 0.001023 seconds
Import Error Code:(4)
Message: Build asset version error: assets/samplepaint.shader in SourceAssetDB has modification time of '2024-05-07T15:16:01.1019295Z' while content on disk has modification time of '2024-05-07T15:16:39.7395039Z'
  ERROR: Build asset version error: assets/samplepaint.shader in SourceAssetDB has modification time of '2024-05-07T15:16:01.1019295Z' while content on disk has modification time of '2024-05-07T15:16:39.7395039Z'
Number of updated asset objects reloaded before import = 0
Number of asset objects unloaded after import = 0
========================================================================
Received Import Request.
  Time since last request: 0.007987 seconds.
  path: Assets/SamplePaint.shader
  artifactKey: Guid(a51a79e26db960c4bb572727d3bf492b) Importer(815301076,1909f56bfc062723c751e8b465ee728b)
Start importing Assets/SamplePaint.shader using Guid(a51a79e26db960c4bb572727d3bf492b) Importer(815301076,1909f56bfc062723c751e8b465ee728b)  -> (artifact id: '00000000000000000000000000000000') in 0.001171 seconds
Import Error Code:(4)
Message: Build asset version error: assets/samplepaint.shader in SourceAssetDB has modification time of '2024-05-07T15:16:01.1019295Z' while content on disk has modification time of '2024-05-07T15:16:39.7395039Z'
  ERROR: Build asset version error: assets/samplepaint.shader in SourceAssetDB has modification time of '2024-05-07T15:16:01.1019295Z' while content on disk has modification time of '2024-05-07T15:16:39.7395039Z'
Number of updated asset objects reloaded before import = 0
Number of asset objects unloaded after import = 0
========================================================================
Received Import Request.
  Time since last request: 0.006134 seconds.
  path: Assets/SamplePaint.shader
  artifactKey: Guid(a51a79e26db960c4bb572727d3bf492b) Importer(815301076,1909f56bfc062723c751e8b465ee728b)
Start importing Assets/SamplePaint.shader using Guid(a51a79e26db960c4bb572727d3bf492b) Importer(815301076,1909f56bfc062723c751e8b465ee728b)  -> (artifact id: '00000000000000000000000000000000') in 0.001099 seconds
Import Error Code:(4)
Message: Build asset version error: assets/samplepaint.shader in SourceAssetDB has modification time of '2024-05-07T15:16:01.1019295Z' while content on disk has modification time of '2024-05-07T15:16:39.7395039Z'
  ERROR: Build asset version error: assets/samplepaint.shader in SourceAssetDB has modification time of '2024-05-07T15:16:01.1019295Z' while content on disk has modification time of '2024-05-07T15:16:39.7395039Z'
Number of updated asset objects reloaded before import = 0
Number of asset objects unloaded after import = 0
========================================================================
Received Import Request.
  Time since last request: 0.006322 seconds.
  path: Assets/SamplePaint.shader
  artifactKey: Guid(a51a79e26db960c4bb572727d3bf492b) Importer(815301076,1909f56bfc062723c751e8b465ee728b)
Start importing Assets/SamplePaint.shader using Guid(a51a79e26db960c4bb572727d3bf492b) Importer(815301076,1909f56bfc062723c751e8b465ee728b)  -> (artifact id: '00000000000000000000000000000000') in 0.001272 seconds
Import Error Code:(4)
Message: Build asset version error: assets/samplepaint.shader in SourceAssetDB has modification time of '2024-05-07T15:16:01.1019295Z' while content on disk has modification time of '2024-05-07T15:16:39.7395039Z'
  ERROR: Build asset version error: assets/samplepaint.shader in SourceAssetDB has modification time of '2024-05-07T15:16:01.1019295Z' while content on disk has modification time of '2024-05-07T15:16:39.7395039Z'
Number of updated asset objects reloaded before import = 0
Number of asset objects unloaded after import = 0
========================================================================
Received Import Request.
  Time since last request: 0.007834 seconds.
  path: Assets/SamplePaint.shader
  artifactKey: Guid(a51a79e26db960c4bb572727d3bf492b) Importer(815301076,1909f56bfc062723c751e8b465ee728b)
Start importing Assets/SamplePaint.shader using Guid(a51a79e26db960c4bb572727d3bf492b) Importer(815301076,1909f56bfc062723c751e8b465ee728b)  -> (artifact id: '00000000000000000000000000000000') in 0.001285 seconds
Import Error Code:(4)
Message: Build asset version error: assets/samplepaint.shader in SourceAssetDB has modification time of '2024-05-07T15:16:01.1019295Z' while content on disk has modification time of '2024-05-07T15:16:39.7395039Z'
  ERROR: Build asset version error: assets/samplepaint.shader in SourceAssetDB has modification time of '2024-05-07T15:16:01.1019295Z' while content on disk has modification time of '2024-05-07T15:16:39.7395039Z'
Number of updated asset objects reloaded before import = 0
Number of asset objects unloaded after import = 0
========================================================================
Received Import Request.
  Time since last request: 0.005579 seconds.
  path: Assets/SamplePaint.shader
  artifactKey: Guid(a51a79e26db960c4bb572727d3bf492b) Importer(815301076,1909f56bfc062723c751e8b465ee728b)
Start importing Assets/SamplePaint.shader using Guid(a51a79e26db960c4bb572727d3bf492b) Importer(815301076,1909f56bfc062723c751e8b465ee728b)  -> (artifact id: '00000000000000000000000000000000') in 0.001107 seconds
Import Error Code:(4)
Message: Build asset version error: assets/samplepaint.shader in SourceAssetDB has modification time of '2024-05-07T15:16:01.1019295Z' while content on disk has modification time of '2024-05-07T15:16:39.7395039Z'
  ERROR: Build asset version error: assets/samplepaint.shader in SourceAssetDB has modification time of '2024-05-07T15:16:01.1019295Z' while content on disk has modification time of '2024-05-07T15:16:39.7395039Z'
Number of updated asset objects reloaded before import = 0
Number of asset objects unloaded after import = 0
========================================================================
Received Import Request.
  Time since last request: 0.007517 seconds.
  path: Assets/SamplePaint.shader
  artifactKey: Guid(a51a79e26db960c4bb572727d3bf492b) Importer(815301076,1909f56bfc062723c751e8b465ee728b)
Start importing Assets/SamplePaint.shader using Guid(a51a79e26db960c4bb572727d3bf492b) Importer(815301076,1909f56bfc062723c751e8b465ee728b)  -> (artifact id: '00000000000000000000000000000000') in 0.001095 seconds
Import Error Code:(4)
Message: Build asset version error: assets/samplepaint.shader in SourceAssetDB has modification time of '2024-05-07T15:16:01.1019295Z' while content on disk has modification time of '2024-05-07T15:16:39.7395039Z'
  ERROR: Build asset version error: assets/samplepaint.shader in SourceAssetDB has modification time of '2024-05-07T15:16:01.1019295Z' while content on disk has modification time of '2024-05-07T15:16:39.7395039Z'
Number of updated asset objects reloaded before import = 0
Number of asset objects unloaded after import = 0
========================================================================
Received Import Request.
  Time since last request: 0.005987 seconds.
  path: Assets/SamplePaint.shader
  artifactKey: Guid(a51a79e26db960c4bb572727d3bf492b) Importer(815301076,1909f56bfc062723c751e8b465ee728b)
Start importing Assets/SamplePaint.shader using Guid(a51a79e26db960c4bb572727d3bf492b) Importer(815301076,1909f56bfc062723c751e8b465ee728b)  -> (artifact id: '00000000000000000000000000000000') in 0.001019 seconds
Import Error Code:(4)
Message: Build asset version error: assets/samplepaint.shader in SourceAssetDB has modification time of '2024-05-07T15:16:01.1019295Z' while content on disk has modification time of '2024-05-07T15:16:39.7395039Z'
  ERROR: Build asset version error: assets/samplepaint.shader in SourceAssetDB has modification time of '2024-05-07T15:16:01.1019295Z' while content on disk has modification time of '2024-05-07T15:16:39.7395039Z'
Number of updated asset objects reloaded before import = 0
Number of asset objects unloaded after import = 0
========================================================================
Received Import Request.
  Time since last request: 0.006143 seconds.
  path: Assets/SamplePaint.shader
  artifactKey: Guid(a51a79e26db960c4bb572727d3bf492b) Importer(815301076,1909f56bfc062723c751e8b465ee728b)
Start importing Assets/SamplePaint.shader using Guid(a51a79e26db960c4bb572727d3bf492b) Importer(815301076,1909f56bfc062723c751e8b465ee728b)  -> (artifact id: '00000000000000000000000000000000') in 0.000927 seconds
Import Error Code:(4)
Message: Build asset version error: assets/samplepaint.shader in SourceAssetDB has modification time of '2024-05-07T15:16:01.1019295Z' while content on disk has modification time of '2024-05-07T15:16:39.7395039Z'
  ERROR: Build asset version error: assets/samplepaint.shader in SourceAssetDB has modification time of '2024-05-07T15:16:01.1019295Z' while content on disk has modification time of '2024-05-07T15:16:39.7395039Z'
Number of updated asset objects reloaded before import = 0
Number of asset objects unloaded after import = 0
========================================================================
Received Import Request.
  Time since last request: 0.006159 seconds.
  path: Assets/SamplePaint.shader
  artifactKey: Guid(a51a79e26db960c4bb572727d3bf492b) Importer(815301076,1909f56bfc062723c751e8b465ee728b)
Start importing Assets/SamplePaint.shader using Guid(a51a79e26db960c4bb572727d3bf492b) Importer(815301076,1909f56bfc062723c751e8b465ee728b)  -> (artifact id: '00000000000000000000000000000000') in 0.001113 seconds
Import Error Code:(4)
Message: Build asset version error: assets/samplepaint.shader in SourceAssetDB has modification time of '2024-05-07T15:16:01.1019295Z' while content on disk has modification time of '2024-05-07T15:16:39.7395039Z'
  ERROR: Build asset version error: assets/samplepaint.shader in SourceAssetDB has modification time of '2024-05-07T15:16:01.1019295Z' while content on disk has modification time of '2024-05-07T15:16:39.7395039Z'
Number of updated asset objects reloaded before import = 0
Number of asset objects unloaded after import = 0
========================================================================
Received Import Request.
  Time since last request: 0.007335 seconds.
  path: Assets/SamplePaint.shader
  artifactKey: Guid(a51a79e26db960c4bb572727d3bf492b) Importer(815301076,1909f56bfc062723c751e8b465ee728b)
Start importing Assets/SamplePaint.shader using Guid(a51a79e26db960c4bb572727d3bf492b) Importer(815301076,1909f56bfc062723c751e8b465ee728b)  -> (artifact id: '00000000000000000000000000000000') in 0.001169 seconds
Import Error Code:(4)
Message: Build asset version error: assets/samplepaint.shader in SourceAssetDB has modification time of '2024-05-07T15:16:01.1019295Z' while content on disk has modification time of '2024-05-07T15:16:39.7395039Z'
  ERROR: Build asset version error: assets/samplepaint.shader in SourceAssetDB has modification time of '2024-05-07T15:16:01.1019295Z' while content on disk has modification time of '2024-05-07T15:16:39.7395039Z'
Number of updated asset objects reloaded before import = 0
Number of asset objects unloaded after import = 0
========================================================================
Received Import Request.
  Time since last request: 0.006592 seconds.
  path: Assets/SamplePaint.shader
  artifactKey: Guid(a51a79e26db960c4bb572727d3bf492b) Importer(815301076,1909f56bfc062723c751e8b465ee728b)
Start importing Assets/SamplePaint.shader using Guid(a51a79e26db960c4bb572727d3bf492b) Importer(815301076,1909f56bfc062723c751e8b465ee728b)  -> (artifact id: '00000000000000000000000000000000') in 0.000996 seconds
Import Error Code:(4)
Message: Build asset version error: assets/samplepaint.shader in SourceAssetDB has modification time of '2024-05-07T15:16:01.1019295Z' while content on disk has modification time of '2024-05-07T15:16:39.7395039Z'
  ERROR: Build asset version error: assets/samplepaint.shader in SourceAssetDB has modification time of '2024-05-07T15:16:01.1019295Z' while content on disk has modification time of '2024-05-07T15:16:39.7395039Z'
Number of updated asset objects reloaded before import = 0
Number of asset objects unloaded after import = 0
========================================================================
Received Import Request.
  Time since last request: 0.009556 seconds.
  path: Assets/SamplePaint.shader
  artifactKey: Guid(a51a79e26db960c4bb572727d3bf492b) Importer(815301076,1909f56bfc062723c751e8b465ee728b)
Start importing Assets/SamplePaint.shader using Guid(a51a79e26db960c4bb572727d3bf492b) Importer(815301076,1909f56bfc062723c751e8b465ee728b)  -> (artifact id: '00000000000000000000000000000000') in 0.001028 seconds
Import Error Code:(4)
Message: Build asset version error: assets/samplepaint.shader in SourceAssetDB has modification time of '2024-05-07T15:16:01.1019295Z' while content on disk has modification time of '2024-05-07T15:16:39.7395039Z'
  ERROR: Build asset version error: assets/samplepaint.shader in SourceAssetDB has modification time of '2024-05-07T15:16:01.1019295Z' while content on disk has modification time of '2024-05-07T15:16:39.7395039Z'
Number of updated asset objects reloaded before import = 0
Number of asset objects unloaded after import = 0
========================================================================
Received Import Request.
  Time since last request: 0.006470 seconds.
  path: Assets/SamplePaint.shader
  artifactKey: Guid(a51a79e26db960c4bb572727d3bf492b) Importer(815301076,1909f56bfc062723c751e8b465ee728b)
Start importing Assets/SamplePaint.shader using Guid(a51a79e26db960c4bb572727d3bf492b) Importer(815301076,1909f56bfc062723c751e8b465ee728b)  -> (artifact id: '00000000000000000000000000000000') in 0.001079 seconds
Import Error Code:(4)
Message: Build asset version error: assets/samplepaint.shader in SourceAssetDB has modification time of '2024-05-07T15:16:01.1019295Z' while content on disk has modification time of '2024-05-07T15:16:39.7395039Z'
  ERROR: Build asset version error: assets/samplepaint.shader in SourceAssetDB has modification time of '2024-05-07T15:16:01.1019295Z' while content on disk has modification time of '2024-05-07T15:16:39.7395039Z'
Number of updated asset objects reloaded before import = 0
Number of asset objects unloaded after import = 0
========================================================================
Received Import Request.
  Time since last request: 0.006034 seconds.
  path: Assets/SamplePaint.shader
  artifactKey: Guid(a51a79e26db960c4bb572727d3bf492b) Importer(815301076,1909f56bfc062723c751e8b465ee728b)
Start importing Assets/SamplePaint.shader using Guid(a51a79e26db960c4bb572727d3bf492b) Importer(815301076,1909f56bfc062723c751e8b465ee728b)  -> (artifact id: '00000000000000000000000000000000') in 0.001027 seconds
Import Error Code:(4)
Message: Build asset version error: assets/samplepaint.shader in SourceAssetDB has modification time of '2024-05-07T15:16:01.1019295Z' while content on disk has modification time of '2024-05-07T15:16:39.7395039Z'
  ERROR: Build asset version error: assets/samplepaint.shader in SourceAssetDB has modification time of '2024-05-07T15:16:01.1019295Z' while content on disk has modification time of '2024-05-07T15:16:39.7395039Z'
Number of updated asset objects reloaded before import = 0
Number of asset objects unloaded after import = 0
========================================================================
Received Import Request.
  Time since last request: 0.006499 seconds.
  path: Assets/SamplePaint.shader
  artifactKey: Guid(a51a79e26db960c4bb572727d3bf492b) Importer(815301076,1909f56bfc062723c751e8b465ee728b)
Start importing Assets/SamplePaint.shader using Guid(a51a79e26db960c4bb572727d3bf492b) Importer(815301076,1909f56bfc062723c751e8b465ee728b)  -> (artifact id: '00000000000000000000000000000000') in 0.001801 seconds
Import Error Code:(4)
Message: Build asset version error: assets/samplepaint.shader in SourceAssetDB has modification time of '2024-05-07T15:16:01.1019295Z' while content on disk has modification time of '2024-05-07T15:16:39.7395039Z'
  ERROR: Build asset version error: assets/samplepaint.shader in SourceAssetDB has modification time of '2024-05-07T15:16:01.1019295Z' while content on disk has modification time of '2024-05-07T15:16:39.7395039Z'
Number of updated asset objects reloaded before import = 0
Number of asset objects unloaded after import = 0
========================================================================
Received Import Request.
  Time since last request: 0.005270 seconds.
  path: Assets/SamplePaint.shader
  artifactKey: Guid(a51a79e26db960c4bb572727d3bf492b) Importer(815301076,1909f56bfc062723c751e8b465ee728b)
Start importing Assets/SamplePaint.shader using Guid(a51a79e26db960c4bb572727d3bf492b) Importer(815301076,1909f56bfc062723c751e8b465ee728b)  -> (artifact id: '00000000000000000000000000000000') in 0.000871 seconds
Import Error Code:(4)
Message: Build asset version error: assets/samplepaint.shader in SourceAssetDB has modification time of '2024-05-07T15:16:01.1019295Z' while content on disk has modification time of '2024-05-07T15:16:39.7395039Z'
  ERROR: Build asset version error: assets/samplepaint.shader in SourceAssetDB has modification time of '2024-05-07T15:16:01.1019295Z' while content on disk has modification time of '2024-05-07T15:16:39.7395039Z'
Number of updated asset objects reloaded before import = 0
Number of asset objects unloaded after import = 0
========================================================================
Received Import Request.
  Time since last request: 0.006242 seconds.
  path: Assets/SamplePaint.shader
  artifactKey: Guid(a51a79e26db960c4bb572727d3bf492b) Importer(815301076,1909f56bfc062723c751e8b465ee728b)
Start importing Assets/SamplePaint.shader using Guid(a51a79e26db960c4bb572727d3bf492b) Importer(815301076,1909f56bfc062723c751e8b465ee728b)  -> (artifact id: '00000000000000000000000000000000') in 0.000888 seconds
Import Error Code:(4)
Message: Build asset version error: assets/samplepaint.shader in SourceAssetDB has modification time of '2024-05-07T15:16:01.1019295Z' while content on disk has modification time of '2024-05-07T15:16:39.7395039Z'
  ERROR: Build asset version error: assets/samplepaint.shader in SourceAssetDB has modification time of '2024-05-07T15:16:01.1019295Z' while content on disk has modification time of '2024-05-07T15:16:39.7395039Z'
Number of updated asset objects reloaded before import = 0
Number of asset objects unloaded after import = 0
========================================================================
Received Import Request.
  Time since last request: 0.006029 seconds.
  path: Assets/SamplePaint.shader
  artifactKey: Guid(a51a79e26db960c4bb572727d3bf492b) Importer(815301076,1909f56bfc062723c751e8b465ee728b)
Start importing Assets/SamplePaint.shader using Guid(a51a79e26db960c4bb572727d3bf492b) Importer(815301076,1909f56bfc062723c751e8b465ee728b)  -> (artifact id: '00000000000000000000000000000000') in 0.000995 seconds
Import Error Code:(4)
Message: Build asset version error: assets/samplepaint.shader in SourceAssetDB has modification time of '2024-05-07T15:16:01.1019295Z' while content on disk has modification time of '2024-05-07T15:16:39.7395039Z'
  ERROR: Build asset version error: assets/samplepaint.shader in SourceAssetDB has modification time of '2024-05-07T15:16:01.1019295Z' while content on disk has modification time of '2024-05-07T15:16:39.7395039Z'
Number of updated asset objects reloaded before import = 0
Number of asset objects unloaded after import = 0
========================================================================
Received Import Request.
  Time since last request: 0.005852 seconds.
  path: Assets/SamplePaint.shader
  artifactKey: Guid(a51a79e26db960c4bb572727d3bf492b) Importer(815301076,1909f56bfc062723c751e8b465ee728b)
Start importing Assets/SamplePaint.shader using Guid(a51a79e26db960c4bb572727d3bf492b) Importer(815301076,1909f56bfc062723c751e8b465ee728b)  -> (artifact id: '00000000000000000000000000000000') in 0.000902 seconds
Import Error Code:(4)
Message: Build asset version error: assets/samplepaint.shader in SourceAssetDB has modification time of '2024-05-07T15:16:01.1019295Z' while content on disk has modification time of '2024-05-07T15:16:39.7395039Z'
  ERROR: Build asset version error: assets/samplepaint.shader in SourceAssetDB has modification time of '2024-05-07T15:16:01.1019295Z' while content on disk has modification time of '2024-05-07T15:16:39.7395039Z'
Number of updated asset objects reloaded before import = 0
Number of asset objects unloaded after import = 0
========================================================================
Received Import Request.
  Time since last request: 0.005839 seconds.
  path: Assets/SamplePaint.shader
  artifactKey: Guid(a51a79e26db960c4bb572727d3bf492b) Importer(815301076,1909f56bfc062723c751e8b465ee728b)
Start importing Assets/SamplePaint.shader using Guid(a51a79e26db960c4bb572727d3bf492b) Importer(815301076,1909f56bfc062723c751e8b465ee728b)  -> (artifact id: '00000000000000000000000000000000') in 0.000880 seconds
Import Error Code:(4)
Message: Build asset version error: assets/samplepaint.shader in SourceAssetDB has modification time of '2024-05-07T15:16:01.1019295Z' while content on disk has modification time of '2024-05-07T15:16:39.7395039Z'
  ERROR: Build asset version error: assets/samplepaint.shader in SourceAssetDB has modification time of '2024-05-07T15:16:01.1019295Z' while content on disk has modification time of '2024-05-07T15:16:39.7395039Z'
Number of updated asset objects reloaded before import = 0
Number of asset objects unloaded after import = 0
========================================================================
Received Import Request.
  Time since last request: 0.008214 seconds.
  path: Assets/SamplePaint.shader
  artifactKey: Guid(a51a79e26db960c4bb572727d3bf492b) Importer(815301076,1909f56bfc062723c751e8b465ee728b)
Start importing Assets/SamplePaint.shader using Guid(a51a79e26db960c4bb572727d3bf492b) Importer(815301076,1909f56bfc062723c751e8b465ee728b)  -> (artifact id: '00000000000000000000000000000000') in 0.000935 seconds
Import Error Code:(4)
Message: Build asset version error: assets/samplepaint.shader in SourceAssetDB has modification time of '2024-05-07T15:16:01.1019295Z' while content on disk has modification time of '2024-05-07T15:16:39.7395039Z'
  ERROR: Build asset version error: assets/samplepaint.shader in SourceAssetDB has modification time of '2024-05-07T15:16:01.1019295Z' while content on disk has modification time of '2024-05-07T15:16:39.7395039Z'
Number of updated asset objects reloaded before import = 0
Number of asset objects unloaded after import = 0
========================================================================
Received Import Request.
  Time since last request: 0.009144 seconds.
  path: Assets/SamplePaint.shader
  artifactKey: Guid(a51a79e26db960c4bb572727d3bf492b) Importer(815301076,1909f56bfc062723c751e8b465ee728b)
Start importing Assets/SamplePaint.shader using Guid(a51a79e26db960c4bb572727d3bf492b) Importer(815301076,1909f56bfc062723c751e8b465ee728b)  -> (artifact id: '00000000000000000000000000000000') in 0.001406 seconds
Import Error Code:(4)
Message: Build asset version error: assets/samplepaint.shader in SourceAssetDB has modification time of '2024-05-07T15:16:01.1019295Z' while content on disk has modification time of '2024-05-07T15:16:39.7395039Z'
  ERROR: Build asset version error: assets/samplepaint.shader in SourceAssetDB has modification time of '2024-05-07T15:16:01.1019295Z' while content on disk has modification time of '2024-05-07T15:16:39.7395039Z'
Number of updated asset objects reloaded before import = 0
Number of asset objects unloaded after import = 0
========================================================================
Received Import Request.
  Time since last request: 0.062580 seconds.
  path: Assets/SamplePaint.shader
  artifactKey: Guid(a51a79e26db960c4bb572727d3bf492b) Importer(815301076,1909f56bfc062723c751e8b465ee728b)
Start importing Assets/SamplePaint.shader using Guid(a51a79e26db960c4bb572727d3bf492b) Importer(815301076,1909f56bfc062723c751e8b465ee728b)  -> (artifact id: '36d4a88a53d435613cf47e4cdc277dfe') in 0.001040 seconds
Number of updated asset objects reloaded before import = 0
Number of asset objects unloaded after import = 1
========================================================================
Received Import Request.
  Time since last request: 0.707266 seconds.
  path: Assets/SamplePaint 1.shader
  artifactKey: Guid(2f27eb791f82268418ed3107ca3ca6da) Importer(815301076,1909f56bfc062723c751e8b465ee728b)
Start importing Assets/SamplePaint 1.shader using Guid(2f27eb791f82268418ed3107ca3ca6da) Importer(815301076,1909f56bfc062723c751e8b465ee728b)  -> (artifact id: '314b548436ee329589e2115a5247c94c') in 0.000898 seconds
Number of updated asset objects reloaded before import = 0
Number of asset objects unloaded after import = 1
========================================================================
Received Import Request.
  Time since last request: 29.935417 seconds.
  path: Assets/MyShader.shader
  artifactKey: Guid(8b7bdc8b6fe46f64c85a264bd15b9efd) Importer(815301076,1909f56bfc062723c751e8b465ee728b)
Start importing Assets/MyShader.shader using Guid(8b7bdc8b6fe46f64c85a264bd15b9efd) Importer(815301076,1909f56bfc062723c751e8b465ee728b)  -> (artifact id: '14899153295e7776f8c56278ff9b658a') in 0.000593 seconds
Number of updated asset objects reloaded before import = 0
Number of asset objects unloaded after import = 0
========================================================================
Received Import Request.
  Time since last request: 42.806244 seconds.
  path: Assets/SamplePaint.shader
  artifactKey: Guid(a51a79e26db960c4bb572727d3bf492b) Importer(815301076,1909f56bfc062723c751e8b465ee728b)
Start importing Assets/SamplePaint.shader using Guid(a51a79e26db960c4bb572727d3bf492b) Importer(815301076,1909f56bfc062723c751e8b465ee728b)  -> (artifact id: '84e6b5ad1c857c2cd4423da9003bd1cf') in 0.001010 seconds
Number of updated asset objects reloaded before import = 0
Number of asset objects unloaded after import = 1
========================================================================
Received Prepare
Begin MonoManager ReloadAssembly
- Loaded All Assemblies, in  0.250 seconds
Refreshing native plugins compatible for Editor in 0.85 ms, found 3 plugins.
Native extension for WindowsStandalone target not found
[Package Manager] Server::EnsureServerProcessIsRunning -- launch failed, reason: Unity was launched with the -noUpm command-line argument
[Package Manager] UpmClient::Send -- Unable to send message (not connected to UPM process).
[Package Manager] Cannot connect to Unity Package Manager local server
Mono: successfully reloaded assembly
- Finished resetting the current domain, in  0.445 seconds
Domain Reload Profiling: 694ms
	BeginReloadAssembly (99ms)
		ExecutionOrderSort (0ms)
		DisableScriptedObjects (3ms)
		BackupInstance (0ms)
		ReleaseScriptingObjects (0ms)
		CreateAndSetChildDomain (22ms)
	RebuildCommonClasses (19ms)
	RebuildNativeTypeToScriptingClass (6ms)
	initialDomainReloadingComplete (17ms)
	LoadAllAssembliesAndSetupDomain (108ms)
		LoadAssemblies (152ms)
		RebuildTransferFunctionScriptingTraits (0ms)
		AnalyzeDomain (7ms)
			TypeCache.Refresh (4ms)
				TypeCache.ScanAssembly (0ms)
			ScanForSourceGeneratedMonoScriptInfo (0ms)
			ResolveRequiredComponents (2ms)
	FinalizeReload (445ms)
		ReleaseScriptCaches (0ms)
		RebuildScriptCaches (0ms)
		SetupLoadedEditorAssemblies (246ms)
			LogAssemblyErrors (0ms)
			InitializePlatformSupportModulesInManaged (4ms)
			SetLoadedEditorAssemblies (3ms)
			RefreshPlugins (0ms)
			BeforeProcessingInitializeOnLoad (37ms)
			ProcessInitializeOnLoadAttributes (185ms)
			ProcessInitializeOnLoadMethodAttributes (13ms)
			AfterProcessingInitializeOnLoad (4ms)
			EditorAssembliesLoaded (0ms)
		ExecutionOrderSort2 (0ms)
		AwakeInstancesAfterBackupRestoration (6ms)
Refreshing native plugins compatible for Editor in 1.13 ms, found 3 plugins.
Preloading 0 native plugins for Editor in 0.00 ms.
Unloading 3086 Unused Serialized files (Serialized files now loaded: 0)
Unloading 24 unused Assets / (56.9 KB). Loaded Objects now: 3559.
Memory consumption went from 130.3 MB to 130.2 MB.
Total: 1.953200 ms (FindLiveObjects: 0.158100 ms CreateObjectMapping: 0.047300 ms MarkObjects: 1.653600 ms  DeleteObjects: 0.093500 ms)

Prepare: number of updated asset objects reloaded= 1
AssetImportParameters requested are different than current active one (requested -> active):
  custom:container-demuxer-ogg: 62fdf1f143b41e24485cea50d1cbac27 -> 
  custom:video-codec-MediaFoundation-h265: 746d11721c4dcdbdad8f713fa42b33f4 -> 
  custom:video-decoder-ogg-theora: a1e56fd34408186e4bbccfd4996cb3dc -> 
  custom:framework-win-MediaFoundation: 216162199b28c13a410421893ffa2e32 -> 
  custom:CustomObjectIndexerAttribute: 6d391050e5a25f67b0a2c618074f2cd9 -> 
  custom:container-demuxer-webm: 4f35f7cbe854078d1ac9338744f61a02 -> 
  custom:container-muxer-webm: aa71ff27fc2769a1b78a27578f13a17b -> 
  custom:video-decoder-webm-vp8: 9c59270c3fd7afecdb556c50c9e8de78 -> 
  custom:SearchIndexIgnoredProperties: e643bd26f0fe6173181afceb89e7c659 -> 
  custom:AudioImporter_EditorPlatform: d09bf68614088b80899f8185d706f6e7 -> 
  custom:video-encoder-webm-vp8: eb34c28f22e8b96e1ab97ce403110664 -> 
  custom:audio-decoder-ogg-vorbis: bf7c407c2cedff20999df2af8eb42d56 -> 
  custom:audio-encoder-webm-vorbis: bf7c407c2cedff20999df2af8eb42d56 -> 
========================================================================
Received Import Request.
  Time since last request: 35.380403 seconds.
  path: Assets/SamplePaint 1.shader
  artifactKey: Guid(2f27eb791f82268418ed3107ca3ca6da) Importer(815301076,1909f56bfc062723c751e8b465ee728b)
Start importing Assets/SamplePaint 1.shader using Guid(2f27eb791f82268418ed3107ca3ca6da) Importer(815301076,1909f56bfc062723c751e8b465ee728b)  -> (artifact id: '9cf4c0f67d1dd26e56f13f397c5b6cf1') in 0.007216 seconds
Number of updated asset objects reloaded before import = 0
Number of asset objects unloaded after import = 1
========================================================================
Received Import Request.
  Time since last request: 11.696433 seconds.
  path: Assets/gradation.shader
  artifactKey: Guid(2f27eb791f82268418ed3107ca3ca6da) Importer(815301076,1909f56bfc062723c751e8b465ee728b)
Start importing Assets/gradation.shader using Guid(2f27eb791f82268418ed3107ca3ca6da) Importer(815301076,1909f56bfc062723c751e8b465ee728b)  -> (artifact id: 'cb5d762c1cb6866dcd640b19837cc9f9') in 0.001052 seconds
Number of updated asset objects reloaded before import = 1
Number of asset objects unloaded after import = 1
========================================================================
Received Import Request.
  Time since last request: 26.644758 seconds.
  path: Assets/SamplePaint.shader
  artifactKey: Guid(a51a79e26db960c4bb572727d3bf492b) Importer(815301076,1909f56bfc062723c751e8b465ee728b)
Start importing Assets/SamplePaint.shader using Guid(a51a79e26db960c4bb572727d3bf492b) Importer(815301076,1909f56bfc062723c751e8b465ee728b)  -> (artifact id: 'e1849c28dc60caa1a343da0b8f2ddda6') in 0.000498 seconds
Number of updated asset objects reloaded before import = 0
Number of asset objects unloaded after import = 0
========================================================================
Received Import Request.
  Time since last request: 6.685701 seconds.
  path: Assets/change.shader
  artifactKey: Guid(a51a79e26db960c4bb572727d3bf492b) Importer(815301076,1909f56bfc062723c751e8b465ee728b)
Start importing Assets/change.shader using Guid(a51a79e26db960c4bb572727d3bf492b) Importer(815301076,1909f56bfc062723c751e8b465ee728b)  -> (artifact id: '82adc90d5fbbb8d2594b5c71dc49e4bf') in 0.000483 seconds
Number of updated asset objects reloaded before import = 1
Number of asset objects unloaded after import = 0
========================================================================
Received Prepare
Begin MonoManager ReloadAssembly
- Loaded All Assemblies, in  0.250 seconds
Refreshing native plugins compatible for Editor in 1.11 ms, found 3 plugins.
Native extension for WindowsStandalone target not found
[Package Manager] Server::EnsureServerProcessIsRunning -- launch failed, reason: Unity was launched with the -noUpm command-line argument
[Package Manager] UpmClient::Send -- Unable to send message (not connected to UPM process).
[Package Manager] Cannot connect to Unity Package Manager local server
Mono: successfully reloaded assembly
- Finished resetting the current domain, in  0.448 seconds
Domain Reload Profiling: 698ms
	BeginReloadAssembly (97ms)
		ExecutionOrderSort (0ms)
		DisableScriptedObjects (3ms)
		BackupInstance (0ms)
		ReleaseScriptingObjects (0ms)
		CreateAndSetChildDomain (22ms)
	RebuildCommonClasses (20ms)
	RebuildNativeTypeToScriptingClass (6ms)
	initialDomainReloadingComplete (17ms)
	LoadAllAssembliesAndSetupDomain (110ms)
		LoadAssemblies (152ms)
		RebuildTransferFunctionScriptingTraits (0ms)
		AnalyzeDomain (8ms)
			TypeCache.Refresh (4ms)
				TypeCache.ScanAssembly (0ms)
			ScanForSourceGeneratedMonoScriptInfo (0ms)
			ResolveRequiredComponents (2ms)
	FinalizeReload (448ms)
		ReleaseScriptCaches (0ms)
		RebuildScriptCaches (0ms)
		SetupLoadedEditorAssemblies (248ms)
			LogAssemblyErrors (0ms)
			InitializePlatformSupportModulesInManaged (3ms)
			SetLoadedEditorAssemblies (3ms)
			RefreshPlugins (0ms)
			BeforeProcessingInitializeOnLoad (37ms)
			ProcessInitializeOnLoadAttributes (187ms)
			ProcessInitializeOnLoadMethodAttributes (13ms)
			AfterProcessingInitializeOnLoad (4ms)
			EditorAssembliesLoaded (0ms)
		ExecutionOrderSort2 (0ms)
		AwakeInstancesAfterBackupRestoration (6ms)
Refreshing native plugins compatible for Editor in 2.28 ms, found 3 plugins.
Preloading 0 native plugins for Editor in 0.00 ms.
Unloading 3085 Unused Serialized files (Serialized files now loaded: 0)
Unloading 24 unused Assets / (56.8 KB). Loaded Objects now: 3561.
Memory consumption went from 131.9 MB to 131.9 MB.
Total: 2.022800 ms (FindLiveObjects: 0.144100 ms CreateObjectMapping: 0.046400 ms MarkObjects: 1.767700 ms  DeleteObjects: 0.063700 ms)

Prepare: number of updated asset objects reloaded= 0
AssetImportParameters requested are different than current active one (requested -> active):
  custom:container-demuxer-ogg: 62fdf1f143b41e24485cea50d1cbac27 -> 
  custom:video-codec-MediaFoundation-h265: 746d11721c4dcdbdad8f713fa42b33f4 -> 
  custom:video-decoder-ogg-theora: a1e56fd34408186e4bbccfd4996cb3dc -> 
  custom:framework-win-MediaFoundation: 216162199b28c13a410421893ffa2e32 -> 
  custom:CustomObjectIndexerAttribute: 6d391050e5a25f67b0a2c618074f2cd9 -> 
  custom:container-demuxer-webm: 4f35f7cbe854078d1ac9338744f61a02 -> 
  custom:container-muxer-webm: aa71ff27fc2769a1b78a27578f13a17b -> 
  custom:video-decoder-webm-vp8: 9c59270c3fd7afecdb556c50c9e8de78 -> 
  custom:SearchIndexIgnoredProperties: e643bd26f0fe6173181afceb89e7c659 -> 
  custom:AudioImporter_EditorPlatform: d09bf68614088b80899f8185d706f6e7 -> 
  custom:video-encoder-webm-vp8: eb34c28f22e8b96e1ab97ce403110664 -> 
  custom:audio-decoder-ogg-vorbis: bf7c407c2cedff20999df2af8eb42d56 -> 
  custom:audio-encoder-webm-vorbis: bf7c407c2cedff20999df2af8eb42d56 -> 
========================================================================
Received Prepare
Begin MonoManager ReloadAssembly
- Loaded All Assemblies, in  0.264 seconds
Refreshing native plugins compatible for Editor in 1.13 ms, found 3 plugins.
Native extension for WindowsStandalone target not found
[Package Manager] Server::EnsureServerProcessIsRunning -- launch failed, reason: Unity was launched with the -noUpm command-line argument
[Package Manager] UpmClient::Send -- Unable to send message (not connected to UPM process).
[Package Manager] Cannot connect to Unity Package Manager local server
Mono: successfully reloaded assembly
- Finished resetting the current domain, in  0.550 seconds
Domain Reload Profiling: 814ms
	BeginReloadAssembly (103ms)
		ExecutionOrderSort (0ms)
		DisableScriptedObjects (3ms)
		BackupInstance (0ms)
		ReleaseScriptingObjects (0ms)
		CreateAndSetChildDomain (22ms)
	RebuildCommonClasses (21ms)
	RebuildNativeTypeToScriptingClass (7ms)
	initialDomainReloadingComplete (17ms)
	LoadAllAssembliesAndSetupDomain (116ms)
		LoadAssemblies (160ms)
		RebuildTransferFunctionScriptingTraits (0ms)
		AnalyzeDomain (9ms)
			TypeCache.Refresh (5ms)
				TypeCache.ScanAssembly (0ms)
			ScanForSourceGeneratedMonoScriptInfo (0ms)
			ResolveRequiredComponents (3ms)
	FinalizeReload (551ms)
		ReleaseScriptCaches (0ms)
		RebuildScriptCaches (0ms)
		SetupLoadedEditorAssemblies (312ms)
			LogAssemblyErrors (0ms)
			InitializePlatformSupportModulesInManaged (5ms)
			SetLoadedEditorAssemblies (3ms)
			RefreshPlugins (0ms)
			BeforeProcessingInitializeOnLoad (47ms)
			ProcessInitializeOnLoadAttributes (234ms)
			ProcessInitializeOnLoadMethodAttributes (18ms)
			AfterProcessingInitializeOnLoad (5ms)
			EditorAssembliesLoaded (0ms)
		ExecutionOrderSort2 (0ms)
		AwakeInstancesAfterBackupRestoration (7ms)
Refreshing native plugins compatible for Editor in 1.80 ms, found 3 plugins.
Preloading 0 native plugins for Editor in 0.00 ms.
Unloading 3086 Unused Serialized files (Serialized files now loaded: 0)
Unloading 24 unused Assets / (56.8 KB). Loaded Objects now: 3564.
Memory consumption went from 134.1 MB to 134.1 MB.
Total: 2.539000 ms (FindLiveObjects: 0.162700 ms CreateObjectMapping: 0.049200 ms MarkObjects: 2.251300 ms  DeleteObjects: 0.075000 ms)

Prepare: number of updated asset objects reloaded= 0
AssetImportParameters requested are different than current active one (requested -> active):
  custom:container-demuxer-ogg: 62fdf1f143b41e24485cea50d1cbac27 -> 
  custom:video-codec-MediaFoundation-h265: 746d11721c4dcdbdad8f713fa42b33f4 -> 
  custom:video-decoder-ogg-theora: a1e56fd34408186e4bbccfd4996cb3dc -> 
  custom:framework-win-MediaFoundation: 216162199b28c13a410421893ffa2e32 -> 
  custom:CustomObjectIndexerAttribute: 6d391050e5a25f67b0a2c618074f2cd9 -> 
  custom:container-demuxer-webm: 4f35f7cbe854078d1ac9338744f61a02 -> 
  custom:container-muxer-webm: aa71ff27fc2769a1b78a27578f13a17b -> 
  custom:video-decoder-webm-vp8: 9c59270c3fd7afecdb556c50c9e8de78 -> 
  custom:SearchIndexIgnoredProperties: e643bd26f0fe6173181afceb89e7c659 -> 
  custom:AudioImporter_EditorPlatform: d09bf68614088b80899f8185d706f6e7 -> 
  custom:video-encoder-webm-vp8: eb34c28f22e8b96e1ab97ce403110664 -> 
  custom:audio-decoder-ogg-vorbis: bf7c407c2cedff20999df2af8eb42d56 -> 
  custom:audio-encoder-webm-vorbis: bf7c407c2cedff20999df2af8eb42d56 -> 
========================================================================
Received Import Request.
  Time since last request: 731.856561 seconds.
  path: Assets/SimpleTransparen.shader
  artifactKey: Guid(c2ba7d703ae61464ab6a3cb58fbe95e3) Importer(815301076,1909f56bfc062723c751e8b465ee728b)
Start importing Assets/SimpleTransparen.shader using Guid(c2ba7d703ae61464ab6a3cb58fbe95e3) Importer(815301076,1909f56bfc062723c751e8b465ee728b)  -> (artifact id: '34ec7f5ec9490f21c825dc458826470b') in 0.008308 seconds
Number of updated asset objects reloaded before import = 0
Number of asset objects unloaded after import = 1
========================================================================
Received Import Request.
  Time since last request: 11.102180 seconds.
  path: Assets/SimpleTransparen.shader
  artifactKey: Guid(c2ba7d703ae61464ab6a3cb58fbe95e3) Importer(815301076,1909f56bfc062723c751e8b465ee728b)
Start importing Assets/SimpleTransparen.shader using Guid(c2ba7d703ae61464ab6a3cb58fbe95e3) Importer(815301076,1909f56bfc062723c751e8b465ee728b)  -> (artifact id: '58b8a4c6355064afd0ffa5b3e5ba18ec') in 0.000849 seconds
Number of updated asset objects reloaded before import = 0
Number of asset objects unloaded after import = 1
========================================================================
Received Import Request.
  Time since last request: 84.466830 seconds.
  path: Assets/SimpleTransparen.shader
  artifactKey: Guid(c2ba7d703ae61464ab6a3cb58fbe95e3) Importer(815301076,1909f56bfc062723c751e8b465ee728b)
Start importing Assets/SimpleTransparen.shader using Guid(c2ba7d703ae61464ab6a3cb58fbe95e3) Importer(815301076,1909f56bfc062723c751e8b465ee728b)  -> (artifact id: 'e7ec0e1c9bda410e74f829fd2e172d3d') in 0.001095 seconds
Number of updated asset objects reloaded before import = 0
Number of asset objects unloaded after import = 1
========================================================================
Received Import Request.
  Time since last request: 12.655583 seconds.
  path: Assets/SimpleTransparen.shader
  artifactKey: Guid(c2ba7d703ae61464ab6a3cb58fbe95e3) Importer(815301076,1909f56bfc062723c751e8b465ee728b)
Start importing Assets/SimpleTransparen.shader using Guid(c2ba7d703ae61464ab6a3cb58fbe95e3) Importer(815301076,1909f56bfc062723c751e8b465ee728b)  -> (artifact id: 'cc9db387979456506cbb2b0eb86346dc') in 0.000844 seconds
Number of updated asset objects reloaded before import = 0
Number of asset objects unloaded after import = 1
========================================================================
Received Import Request.
  Time since last request: 136.967854 seconds.
  path: Assets/change.mat
  artifactKey: Guid(714857ca7217b534b8330e924e5c1b4d) Importer(815301076,1909f56bfc062723c751e8b465ee728b)
Start importing Assets/change.mat using Guid(714857ca7217b534b8330e924e5c1b4d) Importer(815301076,1909f56bfc062723c751e8b465ee728b)  -> (artifact id: '7b6ee31dcf3cc49d708564f86f82432e') in 0.080192 seconds
Number of updated asset objects reloaded before import = 0
Number of asset objects unloaded after import = 2
========================================================================
Received Import Request.
  Time since last request: 154.483148 seconds.
  path: Assets/TextMesh Pro/Fonts/LiberationSans.ttf
  artifactKey: Guid(e3265ab4bf004d28a9537516768c1c75) Importer(815301076,1909f56bfc062723c751e8b465ee728b)
Start importing Assets/TextMesh Pro/Fonts/LiberationSans.ttf using Guid(e3265ab4bf004d28a9537516768c1c75) Importer(815301076,1909f56bfc062723c751e8b465ee728b)  -> (artifact id: '8756f7c291147a75e95d0f4a0d9e7e56') in 0.028239 seconds
Number of updated asset objects reloaded before import = 0
Number of asset objects unloaded after import = 4
========================================================================
Received Import Request.
  Time since last request: 0.000017 seconds.
  path: Assets/New Material.mat
  artifactKey: Guid(3ae963ccf65180e488d249fd47757f5c) Importer(815301076,1909f56bfc062723c751e8b465ee728b)
Start importing Assets/New Material.mat using Guid(3ae963ccf65180e488d249fd47757f5c) Importer(815301076,1909f56bfc062723c751e8b465ee728b)  -> (artifact id: 'ce53b69bfefa8600d62601c9ed1b252f') in 0.026263 seconds
Number of updated asset objects reloaded before import = 0
Number of asset objects unloaded after import = 2
========================================================================
Received Import Request.
  Time since last request: 0.000014 seconds.
  path: Assets/TextMesh Pro/Resources/Fonts & Materials/LiberationSans SDF - Outline.mat
  artifactKey: Guid(79459efec17a4d00a321bdcc27bbc385) Importer(815301076,1909f56bfc062723c751e8b465ee728b)
Start importing Assets/TextMesh Pro/Resources/Fonts & Materials/LiberationSans SDF - Outline.mat using Guid(79459efec17a4d00a321bdcc27bbc385) Importer(815301076,1909f56bfc062723c751e8b465ee728b)  -> (artifact id: '67bc5db44190e5cc01cae1920f0addac') in 0.042275 seconds
Number of updated asset objects reloaded before import = 0
Number of asset objects unloaded after import = 3
========================================================================
Received Import Request.
  Time since last request: 0.000015 seconds.
  path: Assets/TextMesh Pro/Resources/Fonts & Materials/LiberationSans SDF - Drop Shadow.mat
  artifactKey: Guid(e73a58f6e2794ae7b1b7e50b7fb811b0) Importer(815301076,1909f56bfc062723c751e8b465ee728b)
Start importing Assets/TextMesh Pro/Resources/Fonts & Materials/LiberationSans SDF - Drop Shadow.mat using Guid(e73a58f6e2794ae7b1b7e50b7fb811b0) Importer(815301076,1909f56bfc062723c751e8b465ee728b)  -> (artifact id: '8955455c548531b08fc2a9f22060d90c') in 0.041583 seconds
Number of updated asset objects reloaded before import = 0
Number of asset objects unloaded after import = 3
========================================================================
Received Import Request.
  Time since last request: 0.000011 seconds.
  path: Assets/TextMesh Pro/Resources/Fonts & Materials/LiberationSans SDF.asset
  artifactKey: Guid(8f586378b4e144a9851e7b34d9b748ee) Importer(815301076,1909f56bfc062723c751e8b465ee728b)
Start importing Assets/TextMesh Pro/Resources/Fonts & Materials/LiberationSans SDF.asset using Guid(8f586378b4e144a9851e7b34d9b748ee) Importer(815301076,1909f56bfc062723c751e8b465ee728b)  -> (artifact id: 'f125aa69f02714c34ed9f69fb8c91449') in 0.052314 seconds
Number of updated asset objects reloaded before import = 0
Number of asset objects unloaded after import = 10
Editor requested this worker to shutdown with reason: Scaling down because of idle timeout
TcpMessagingSession - receive error: operation aborted. errorcode: 995, details: XbhIAvP[VvAI/O ~B
AssetImportWorker is now disconnected from the server
Process exiting
Exiting without the bug reporter. Application will terminate with return code 0